[2021-08-13 13:55:08] local.ERROR: L5Swagger\Console\GenerateDocsCommand::generateDocumentation(): Argument #2 ($documentation) must be of type string, null given, called in /app/vendor/darkaonline/l5-swagger/src/Console/GenerateDocsCommand.php on line 58 {"exception":"[object] (TypeError(code: 0): L5Swagger\\Console\\GenerateDocsCommand::generateDocumentation(): Argument #2 ($documentation) must be of type string, null given, called in /app/vendor/darkaonline/l5-swagger/src/Console/GenerateDocsCommand.php on line 58 at /app/vendor/darkaonline/l5-swagger/src/Console/GenerateDocsCommand.php:66)
[stacktrace]
#0 /app/vendor/darkaonline/l5-swagger/src/Console/GenerateDocsCommand.php(58): L5Swagger\\Console\\GenerateDocsCommand->generateDocumentation(Object(L5Swagger\\GeneratorFactory), NULL)
#1 /app/vendor/laravel/framework/src/Illuminate/Container/BoundMethod.php(36): L5Swagger\\Console\\GenerateDocsCommand->handle(Object(L5Swagger\\GeneratorFactory))
#2 /app/vendor/laravel/framework/src/Illuminate/Container/Util.php(37): Illuminate\\Container\\BoundMethod::Illuminate\\Container\\{closure}()
#3 /app/vendor/laravel/framework/src/Illuminate/Container/BoundMethod.php(93): Illuminate\\Container\\Util::unwrapIfClosure(Object(Closure))
#4 /app/vendor/laravel/framework/src/Illuminate/Container/BoundMethod.php(37): Illuminate\\Container\\BoundMethod::callBoundMethod(Object(Illuminate\\Foundation\\Application), Array, Object(Closure))
#5 /app/vendor/laravel/framework/src/Illuminate/Container/Container.php(596): Illuminate\\Container\\BoundMethod::call(Object(Illuminate\\Foundation\\Application), Array, Array, NULL)
#6 /app/vendor/laravel/framework/src/Illuminate/Console/Command.php(134): Illuminate\\Container\\Container->call(Array)
#7 /app/vendor/symfony/console/Command/Command.php(299): Illuminate\\Console\\Command->execute(Object(Symfony\\Component\\Console\\Input\\ArgvInput), Object(Illuminate\\Console\\OutputStyle))
#8 /app/vendor/laravel/framework/src/Illuminate/Console/Command.php(121): Symfony\\Component\\Console\\Command\\Command->run(Object(Symfony\\Component\\Console\\Input\\ArgvInput), Object(Illuminate\\Console\\OutputStyle))
#9 /app/vendor/symfony/console/Application.php(978): Illuminate\\Console\\Command->run(Object(Symfony\\Component\\Console\\Input\\ArgvInput), Object(Symfony\\Component\\Console\\Output\\ConsoleOutput))
#10 /app/vendor/symfony/console/Application.php(295): Symfony\\Component\\Console\\Application->doRunCommand(Object(L5Swagger\\Console\\GenerateDocsCommand), Object(Symfony\\Component\\Console\\Input\\ArgvInput), Object(Symfony\\Component\\Console\\Output\\ConsoleOutput))
#11 /app/vendor/symfony/console/Application.php(167): Symfony\\Component\\Console\\Application->doRun(Object(Symfony\\Component\\Console\\Input\\ArgvInput), Object(Symfony\\Component\\Console\\Output\\ConsoleOutput))
#12 /app/vendor/laravel/framework/src/Illuminate/Console/Application.php(93): Symfony\\Component\\Console\\Application->run(Object(Symfony\\Component\\Console\\Input\\ArgvInput), Object(Symfony\\Component\\Console\\Output\\ConsoleOutput))
#13 /app/vendor/laravel/framework/src/Illuminate/Foundation/Console/Kernel.php(129): Illuminate\\Console\\Application->run(Object(Symfony\\Component\\Console\\Input\\ArgvInput), Object(Symfony\\Component\\Console\\Output\\ConsoleOutput))
#14 /app/artisan(37): Illuminate\\Foundation\\Console\\Kernel->handle(Object(Symfony\\Component\\Console\\Input\\ArgvInput), Object(Symfony\\Component\\Console\\Output\\ConsoleOutput))
#15 {main}
"} 
[2021-08-13 14:10:07] local.ERROR: L5Swagger\Console\GenerateDocsCommand::generateDocumentation(): Argument #2 ($documentation) must be of type string, null given, called in /app/vendor/darkaonline/l5-swagger/src/Console/GenerateDocsCommand.php on line 58 {"exception":"[object] (TypeError(code: 0): L5Swagger\\Console\\GenerateDocsCommand::generateDocumentation(): Argument #2 ($documentation) must be of type string, null given, called in /app/vendor/darkaonline/l5-swagger/src/Console/GenerateDocsCommand.php on line 58 at /app/vendor/darkaonline/l5-swagger/src/Console/GenerateDocsCommand.php:66)
[stacktrace]
#0 /app/vendor/darkaonline/l5-swagger/src/Console/GenerateDocsCommand.php(58): L5Swagger\\Console\\GenerateDocsCommand->generateDocumentation(Object(L5Swagger\\GeneratorFactory), NULL)
#1 /app/vendor/laravel/framework/src/Illuminate/Container/BoundMethod.php(36): L5Swagger\\Console\\GenerateDocsCommand->handle(Object(L5Swagger\\GeneratorFactory))
#2 /app/vendor/laravel/framework/src/Illuminate/Container/Util.php(37): Illuminate\\Container\\BoundMethod::Illuminate\\Container\\{closure}()
#3 /app/vendor/laravel/framework/src/Illuminate/Container/BoundMethod.php(93): Illuminate\\Container\\Util::unwrapIfClosure(Object(Closure))
#4 /app/vendor/laravel/framework/src/Illuminate/Container/BoundMethod.php(37): Illuminate\\Container\\BoundMethod::callBoundMethod(Object(Illuminate\\Foundation\\Application), Array, Object(Closure))
#5 /app/vendor/laravel/framework/src/Illuminate/Container/Container.php(596): Illuminate\\Container\\BoundMethod::call(Object(Illuminate\\Foundation\\Application), Array, Array, NULL)
#6 /app/vendor/laravel/framework/src/Illuminate/Console/Command.php(134): Illuminate\\Container\\Container->call(Array)
#7 /app/vendor/symfony/console/Command/Command.php(299): Illuminate\\Console\\Command->execute(Object(Symfony\\Component\\Console\\Input\\ArgvInput), Object(Illuminate\\Console\\OutputStyle))
#8 /app/vendor/laravel/framework/src/Illuminate/Console/Command.php(121): Symfony\\Component\\Console\\Command\\Command->run(Object(Symfony\\Component\\Console\\Input\\ArgvInput), Object(Illuminate\\Console\\OutputStyle))
#9 /app/vendor/symfony/console/Application.php(978): Illuminate\\Console\\Command->run(Object(Symfony\\Component\\Console\\Input\\ArgvInput), Object(Symfony\\Component\\Console\\Output\\ConsoleOutput))
#10 /app/vendor/symfony/console/Application.php(295): Symfony\\Component\\Console\\Application->doRunCommand(Object(L5Swagger\\Console\\GenerateDocsCommand), Object(Symfony\\Component\\Console\\Input\\ArgvInput), Object(Symfony\\Component\\Console\\Output\\ConsoleOutput))
#11 /app/vendor/symfony/console/Application.php(167): Symfony\\Component\\Console\\Application->doRun(Object(Symfony\\Component\\Console\\Input\\ArgvInput), Object(Symfony\\Component\\Console\\Output\\ConsoleOutput))
#12 /app/vendor/laravel/framework/src/Illuminate/Console/Application.php(93): Symfony\\Component\\Console\\Application->run(Object(Symfony\\Component\\Console\\Input\\ArgvInput), Object(Symfony\\Component\\Console\\Output\\ConsoleOutput))
#13 /app/vendor/laravel/framework/src/Illuminate/Foundation/Console/Kernel.php(129): Illuminate\\Console\\Application->run(Object(Symfony\\Component\\Console\\Input\\ArgvInput), Object(Symfony\\Component\\Console\\Output\\ConsoleOutput))
#14 /app/artisan(37): Illuminate\\Foundation\\Console\\Kernel->handle(Object(Symfony\\Component\\Console\\Input\\ArgvInput), Object(Symfony\\Component\\Console\\Output\\ConsoleOutput))
#15 {main}
"} 
[2021-08-13 14:13:08] local.ERROR: [Syntax Error] Expected Doctrine\Common\Annotations\DocLexer::T_CLOSE_PARENTHESIS, got '@' in /app/app/Ship/Core/Controllers/Controller.php on line 19:10 {"exception":"[object] (ErrorException(code: 0): [Syntax Error] Expected Doctrine\\Common\\Annotations\\DocLexer::T_CLOSE_PARENTHESIS, got '@' in /app/app/Ship/Core/Controllers/Controller.php on line 19:10 at /app/vendor/zircote/swagger-php/src/Logger.php:40)
[stacktrace]
#0 [internal function]: Illuminate\\Foundation\\Bootstrap\\HandleExceptions->handleError(512, '[Syntax Error] ...', '/app/vendor/zir...', 40)
#1 /app/vendor/zircote/swagger-php/src/Logger.php(40): trigger_error('[Syntax Error] ...', 512)
#2 [internal function]: OpenApi\\Logger->OpenApi\\{closure}('[Syntax Error] ...', 512)
#3 /app/vendor/zircote/swagger-php/src/Logger.php(60): call_user_func(Object(Closure), Object(Exception), 512)
#4 /app/vendor/zircote/swagger-php/src/Analyser.php(114): OpenApi\\Logger::warning(Object(Exception))
#5 /app/vendor/zircote/swagger-php/src/StaticAnalyser.php(397): OpenApi\\Analyser->fromComment('/**\
     * @OA\\\\...', Object(OpenApi\\Context))
#6 /app/vendor/zircote/swagger-php/src/StaticAnalyser.php(377): OpenApi\\StaticAnalyser->analyseComment(Object(OpenApi\\Analysis), Object(OpenApi\\Analyser), '/**\
     * @OA\\\\...', Object(OpenApi\\Context))
#7 /app/vendor/zircote/swagger-php/src/StaticAnalyser.php(33): OpenApi\\StaticAnalyser->fromTokens(Array, Object(OpenApi\\Context))
#8 /app/vendor/zircote/swagger-php/src/Generator.php(263): OpenApi\\StaticAnalyser->fromFile('/app/app/Ship/C...')
#9 /app/vendor/zircote/swagger-php/src/Generator.php(232): OpenApi\\Generator->scanSources(Object(Symfony\\Component\\Finder\\Finder), Object(OpenApi\\Analysis))
#10 /app/vendor/zircote/swagger-php/src/Generator.php(212): OpenApi\\Generator->generate(Object(Symfony\\Component\\Finder\\Finder), Object(OpenApi\\Analysis), true)
#11 /app/vendor/zircote/swagger-php/src/functions.php(56): OpenApi\\Generator::scan(Object(Symfony\\Component\\Finder\\Finder), Array)
#12 /app/vendor/darkaonline/l5-swagger/src/Generator.php(174): OpenApi\\scan(Array, Array)
#13 /app/vendor/darkaonline/l5-swagger/src/Generator.php(119): L5Swagger\\Generator->scanFilesForDocumentation()
#14 /app/vendor/darkaonline/l5-swagger/src/Console/GenerateDocsCommand.php(71): L5Swagger\\Generator->generateDocs()
#15 /app/vendor/darkaonline/l5-swagger/src/Console/GenerateDocsCommand.php(58): L5Swagger\\Console\\GenerateDocsCommand->generateDocumentation(Object(L5Swagger\\GeneratorFactory), 'default')
#16 /app/vendor/laravel/framework/src/Illuminate/Container/BoundMethod.php(36): L5Swagger\\Console\\GenerateDocsCommand->handle(Object(L5Swagger\\GeneratorFactory))
#17 /app/vendor/laravel/framework/src/Illuminate/Container/Util.php(37): Illuminate\\Container\\BoundMethod::Illuminate\\Container\\{closure}()
#18 /app/vendor/laravel/framework/src/Illuminate/Container/BoundMethod.php(93): Illuminate\\Container\\Util::unwrapIfClosure(Object(Closure))
#19 /app/vendor/laravel/framework/src/Illuminate/Container/BoundMethod.php(37): Illuminate\\Container\\BoundMethod::callBoundMethod(Object(Illuminate\\Foundation\\Application), Array, Object(Closure))
#20 /app/vendor/laravel/framework/src/Illuminate/Container/Container.php(596): Illuminate\\Container\\BoundMethod::call(Object(Illuminate\\Foundation\\Application), Array, Array, NULL)
#21 /app/vendor/laravel/framework/src/Illuminate/Console/Command.php(134): Illuminate\\Container\\Container->call(Array)
#22 /app/vendor/symfony/console/Command/Command.php(299): Illuminate\\Console\\Command->execute(Object(Symfony\\Component\\Console\\Input\\ArgvInput), Object(Illuminate\\Console\\OutputStyle))
#23 /app/vendor/laravel/framework/src/Illuminate/Console/Command.php(121): Symfony\\Component\\Console\\Command\\Command->run(Object(Symfony\\Component\\Console\\Input\\ArgvInput), Object(Illuminate\\Console\\OutputStyle))
#24 /app/vendor/symfony/console/Application.php(978): Illuminate\\Console\\Command->run(Object(Symfony\\Component\\Console\\Input\\ArgvInput), Object(Symfony\\Component\\Console\\Output\\ConsoleOutput))
#25 /app/vendor/symfony/console/Application.php(295): Symfony\\Component\\Console\\Application->doRunCommand(Object(L5Swagger\\Console\\GenerateDocsCommand), Object(Symfony\\Component\\Console\\Input\\ArgvInput), Object(Symfony\\Component\\Console\\Output\\ConsoleOutput))
#26 /app/vendor/symfony/console/Application.php(167): Symfony\\Component\\Console\\Application->doRun(Object(Symfony\\Component\\Console\\Input\\ArgvInput), Object(Symfony\\Component\\Console\\Output\\ConsoleOutput))
#27 /app/vendor/laravel/framework/src/Illuminate/Console/Application.php(93): Symfony\\Component\\Console\\Application->run(Object(Symfony\\Component\\Console\\Input\\ArgvInput), Object(Symfony\\Component\\Console\\Output\\ConsoleOutput))
#28 /app/vendor/laravel/framework/src/Illuminate/Foundation/Console/Kernel.php(129): Illuminate\\Console\\Application->run(Object(Symfony\\Component\\Console\\Input\\ArgvInput), Object(Symfony\\Component\\Console\\Output\\ConsoleOutput))
#29 /app/artisan(37): Illuminate\\Foundation\\Console\\Kernel->handle(Object(Symfony\\Component\\Console\\Input\\ArgvInput), Object(Symfony\\Component\\Console\\Output\\ConsoleOutput))
#30 {main}
"} 
[2021-08-13 14:14:25] local.ERROR: [Syntax Error] Expected Doctrine\Common\Annotations\DocLexer::T_CLOSE_PARENTHESIS, got ':' in /app/app/Ship/Core/Controllers/Controller.php on line 20:19 {"exception":"[object] (ErrorException(code: 0): [Syntax Error] Expected Doctrine\\Common\\Annotations\\DocLexer::T_CLOSE_PARENTHESIS, got ':' in /app/app/Ship/Core/Controllers/Controller.php on line 20:19 at /app/vendor/zircote/swagger-php/src/Logger.php:40)
[stacktrace]
#0 [internal function]: Illuminate\\Foundation\\Bootstrap\\HandleExceptions->handleError(512, '[Syntax Error] ...', '/app/vendor/zir...', 40)
#1 /app/vendor/zircote/swagger-php/src/Logger.php(40): trigger_error('[Syntax Error] ...', 512)
#2 [internal function]: OpenApi\\Logger->OpenApi\\{closure}('[Syntax Error] ...', 512)
#3 /app/vendor/zircote/swagger-php/src/Logger.php(60): call_user_func(Object(Closure), Object(Exception), 512)
#4 /app/vendor/zircote/swagger-php/src/Analyser.php(114): OpenApi\\Logger::warning(Object(Exception))
#5 /app/vendor/zircote/swagger-php/src/StaticAnalyser.php(397): OpenApi\\Analyser->fromComment('/**\
     * @OA\\\\...', Object(OpenApi\\Context))
#6 /app/vendor/zircote/swagger-php/src/StaticAnalyser.php(377): OpenApi\\StaticAnalyser->analyseComment(Object(OpenApi\\Analysis), Object(OpenApi\\Analyser), '/**\
     * @OA\\\\...', Object(OpenApi\\Context))
#7 /app/vendor/zircote/swagger-php/src/StaticAnalyser.php(33): OpenApi\\StaticAnalyser->fromTokens(Array, Object(OpenApi\\Context))
#8 /app/vendor/zircote/swagger-php/src/Generator.php(263): OpenApi\\StaticAnalyser->fromFile('/app/app/Ship/C...')
#9 /app/vendor/zircote/swagger-php/src/Generator.php(232): OpenApi\\Generator->scanSources(Object(Symfony\\Component\\Finder\\Finder), Object(OpenApi\\Analysis))
#10 /app/vendor/zircote/swagger-php/src/Generator.php(212): OpenApi\\Generator->generate(Object(Symfony\\Component\\Finder\\Finder), Object(OpenApi\\Analysis), true)
#11 /app/vendor/zircote/swagger-php/src/functions.php(56): OpenApi\\Generator::scan(Object(Symfony\\Component\\Finder\\Finder), Array)
#12 /app/vendor/darkaonline/l5-swagger/src/Generator.php(174): OpenApi\\scan(Array, Array)
#13 /app/vendor/darkaonline/l5-swagger/src/Generator.php(119): L5Swagger\\Generator->scanFilesForDocumentation()
#14 /app/vendor/darkaonline/l5-swagger/src/Console/GenerateDocsCommand.php(71): L5Swagger\\Generator->generateDocs()
#15 /app/vendor/darkaonline/l5-swagger/src/Console/GenerateDocsCommand.php(58): L5Swagger\\Console\\GenerateDocsCommand->generateDocumentation(Object(L5Swagger\\GeneratorFactory), 'default')
#16 /app/vendor/laravel/framework/src/Illuminate/Container/BoundMethod.php(36): L5Swagger\\Console\\GenerateDocsCommand->handle(Object(L5Swagger\\GeneratorFactory))
#17 /app/vendor/laravel/framework/src/Illuminate/Container/Util.php(37): Illuminate\\Container\\BoundMethod::Illuminate\\Container\\{closure}()
#18 /app/vendor/laravel/framework/src/Illuminate/Container/BoundMethod.php(93): Illuminate\\Container\\Util::unwrapIfClosure(Object(Closure))
#19 /app/vendor/laravel/framework/src/Illuminate/Container/BoundMethod.php(37): Illuminate\\Container\\BoundMethod::callBoundMethod(Object(Illuminate\\Foundation\\Application), Array, Object(Closure))
#20 /app/vendor/laravel/framework/src/Illuminate/Container/Container.php(596): Illuminate\\Container\\BoundMethod::call(Object(Illuminate\\Foundation\\Application), Array, Array, NULL)
#21 /app/vendor/laravel/framework/src/Illuminate/Console/Command.php(134): Illuminate\\Container\\Container->call(Array)
#22 /app/vendor/symfony/console/Command/Command.php(299): Illuminate\\Console\\Command->execute(Object(Symfony\\Component\\Console\\Input\\ArgvInput), Object(Illuminate\\Console\\OutputStyle))
#23 /app/vendor/laravel/framework/src/Illuminate/Console/Command.php(121): Symfony\\Component\\Console\\Command\\Command->run(Object(Symfony\\Component\\Console\\Input\\ArgvInput), Object(Illuminate\\Console\\OutputStyle))
#24 /app/vendor/symfony/console/Application.php(978): Illuminate\\Console\\Command->run(Object(Symfony\\Component\\Console\\Input\\ArgvInput), Object(Symfony\\Component\\Console\\Output\\ConsoleOutput))
#25 /app/vendor/symfony/console/Application.php(295): Symfony\\Component\\Console\\Application->doRunCommand(Object(L5Swagger\\Console\\GenerateDocsCommand), Object(Symfony\\Component\\Console\\Input\\ArgvInput), Object(Symfony\\Component\\Console\\Output\\ConsoleOutput))
#26 /app/vendor/symfony/console/Application.php(167): Symfony\\Component\\Console\\Application->doRun(Object(Symfony\\Component\\Console\\Input\\ArgvInput), Object(Symfony\\Component\\Console\\Output\\ConsoleOutput))
#27 /app/vendor/laravel/framework/src/Illuminate/Console/Application.php(93): Symfony\\Component\\Console\\Application->run(Object(Symfony\\Component\\Console\\Input\\ArgvInput), Object(Symfony\\Component\\Console\\Output\\ConsoleOutput))
#28 /app/vendor/laravel/framework/src/Illuminate/Foundation/Console/Kernel.php(129): Illuminate\\Console\\Application->run(Object(Symfony\\Component\\Console\\Input\\ArgvInput), Object(Symfony\\Component\\Console\\Output\\ConsoleOutput))
#29 /app/artisan(37): Illuminate\\Foundation\\Console\\Kernel->handle(Object(Symfony\\Component\\Console\\Input\\ArgvInput), Object(Symfony\\Component\\Console\\Output\\ConsoleOutput))
#30 {main}
"} 
[2021-08-13 14:15:08] local.ERROR: [Semantical Error] Couldn't find constant email, /app/app/Ship/Core/Controllers/Controller.php on line 14. {"exception":"[object] (ErrorException(code: 0): [Semantical Error] Couldn't find constant email, /app/app/Ship/Core/Controllers/Controller.php on line 14. at /app/vendor/zircote/swagger-php/src/Logger.php:40)
[stacktrace]
#0 [internal function]: Illuminate\\Foundation\\Bootstrap\\HandleExceptions->handleError(512, '[Semantical Err...', '/app/vendor/zir...', 40)
#1 /app/vendor/zircote/swagger-php/src/Logger.php(40): trigger_error('[Semantical Err...', 512)
#2 [internal function]: OpenApi\\Logger->OpenApi\\{closure}('[Semantical Err...', 512)
#3 /app/vendor/zircote/swagger-php/src/Logger.php(60): call_user_func(Object(Closure), Object(Doctrine\\Common\\Annotations\\AnnotationException), 512)
#4 /app/vendor/zircote/swagger-php/src/Analyser.php(116): OpenApi\\Logger::warning(Object(Doctrine\\Common\\Annotations\\AnnotationException))
#5 /app/vendor/zircote/swagger-php/src/StaticAnalyser.php(397): OpenApi\\Analyser->fromComment('/**\
     * @OA\\\\...', Object(OpenApi\\Context))
#6 /app/vendor/zircote/swagger-php/src/StaticAnalyser.php(377): OpenApi\\StaticAnalyser->analyseComment(Object(OpenApi\\Analysis), Object(OpenApi\\Analyser), '/**\
     * @OA\\\\...', Object(OpenApi\\Context))
#7 /app/vendor/zircote/swagger-php/src/StaticAnalyser.php(33): OpenApi\\StaticAnalyser->fromTokens(Array, Object(OpenApi\\Context))
#8 /app/vendor/zircote/swagger-php/src/Generator.php(263): OpenApi\\StaticAnalyser->fromFile('/app/app/Ship/C...')
#9 /app/vendor/zircote/swagger-php/src/Generator.php(232): OpenApi\\Generator->scanSources(Object(Symfony\\Component\\Finder\\Finder), Object(OpenApi\\Analysis))
#10 /app/vendor/zircote/swagger-php/src/Generator.php(212): OpenApi\\Generator->generate(Object(Symfony\\Component\\Finder\\Finder), Object(OpenApi\\Analysis), true)
#11 /app/vendor/zircote/swagger-php/src/functions.php(56): OpenApi\\Generator::scan(Object(Symfony\\Component\\Finder\\Finder), Array)
#12 /app/vendor/darkaonline/l5-swagger/src/Generator.php(174): OpenApi\\scan(Array, Array)
#13 /app/vendor/darkaonline/l5-swagger/src/Generator.php(119): L5Swagger\\Generator->scanFilesForDocumentation()
#14 /app/vendor/darkaonline/l5-swagger/src/Console/GenerateDocsCommand.php(71): L5Swagger\\Generator->generateDocs()
#15 /app/vendor/darkaonline/l5-swagger/src/Console/GenerateDocsCommand.php(58): L5Swagger\\Console\\GenerateDocsCommand->generateDocumentation(Object(L5Swagger\\GeneratorFactory), 'default')
#16 /app/vendor/laravel/framework/src/Illuminate/Container/BoundMethod.php(36): L5Swagger\\Console\\GenerateDocsCommand->handle(Object(L5Swagger\\GeneratorFactory))
#17 /app/vendor/laravel/framework/src/Illuminate/Container/Util.php(37): Illuminate\\Container\\BoundMethod::Illuminate\\Container\\{closure}()
#18 /app/vendor/laravel/framework/src/Illuminate/Container/BoundMethod.php(93): Illuminate\\Container\\Util::unwrapIfClosure(Object(Closure))
#19 /app/vendor/laravel/framework/src/Illuminate/Container/BoundMethod.php(37): Illuminate\\Container\\BoundMethod::callBoundMethod(Object(Illuminate\\Foundation\\Application), Array, Object(Closure))
#20 /app/vendor/laravel/framework/src/Illuminate/Container/Container.php(596): Illuminate\\Container\\BoundMethod::call(Object(Illuminate\\Foundation\\Application), Array, Array, NULL)
#21 /app/vendor/laravel/framework/src/Illuminate/Console/Command.php(134): Illuminate\\Container\\Container->call(Array)
#22 /app/vendor/symfony/console/Command/Command.php(299): Illuminate\\Console\\Command->execute(Object(Symfony\\Component\\Console\\Input\\ArgvInput), Object(Illuminate\\Console\\OutputStyle))
#23 /app/vendor/laravel/framework/src/Illuminate/Console/Command.php(121): Symfony\\Component\\Console\\Command\\Command->run(Object(Symfony\\Component\\Console\\Input\\ArgvInput), Object(Illuminate\\Console\\OutputStyle))
#24 /app/vendor/symfony/console/Application.php(978): Illuminate\\Console\\Command->run(Object(Symfony\\Component\\Console\\Input\\ArgvInput), Object(Symfony\\Component\\Console\\Output\\ConsoleOutput))
#25 /app/vendor/symfony/console/Application.php(295): Symfony\\Component\\Console\\Application->doRunCommand(Object(L5Swagger\\Console\\GenerateDocsCommand), Object(Symfony\\Component\\Console\\Input\\ArgvInput), Object(Symfony\\Component\\Console\\Output\\ConsoleOutput))
#26 /app/vendor/symfony/console/Application.php(167): Symfony\\Component\\Console\\Application->doRun(Object(Symfony\\Component\\Console\\Input\\ArgvInput), Object(Symfony\\Component\\Console\\Output\\ConsoleOutput))
#27 /app/vendor/laravel/framework/src/Illuminate/Console/Application.php(93): Symfony\\Component\\Console\\Application->run(Object(Symfony\\Component\\Console\\Input\\ArgvInput), Object(Symfony\\Component\\Console\\Output\\ConsoleOutput))
#28 /app/vendor/laravel/framework/src/Illuminate/Foundation/Console/Kernel.php(129): Illuminate\\Console\\Application->run(Object(Symfony\\Component\\Console\\Input\\ArgvInput), Object(Symfony\\Component\\Console\\Output\\ConsoleOutput))
#29 /app/artisan(37): Illuminate\\Foundation\\Console\\Kernel->handle(Object(Symfony\\Component\\Console\\Input\\ArgvInput), Object(Symfony\\Component\\Console\\Output\\ConsoleOutput))
#30 {main}
"} 
[2021-08-13 14:15:29] local.ERROR: [Semantical Error] Couldn't find constant L5_SWAGGER_CONST_HOST, /app/app/Ship/Core/Controllers/Controller.php on line 14. {"exception":"[object] (ErrorException(code: 0): [Semantical Error] Couldn't find constant L5_SWAGGER_CONST_HOST, /app/app/Ship/Core/Controllers/Controller.php on line 14. at /app/vendor/zircote/swagger-php/src/Logger.php:40)
[stacktrace]
#0 [internal function]: Illuminate\\Foundation\\Bootstrap\\HandleExceptions->handleError(512, '[Semantical Err...', '/app/vendor/zir...', 40)
#1 /app/vendor/zircote/swagger-php/src/Logger.php(40): trigger_error('[Semantical Err...', 512)
#2 [internal function]: OpenApi\\Logger->OpenApi\\{closure}('[Semantical Err...', 512)
#3 /app/vendor/zircote/swagger-php/src/Logger.php(60): call_user_func(Object(Closure), Object(Doctrine\\Common\\Annotations\\AnnotationException), 512)
#4 /app/vendor/zircote/swagger-php/src/Analyser.php(116): OpenApi\\Logger::warning(Object(Doctrine\\Common\\Annotations\\AnnotationException))
#5 /app/vendor/zircote/swagger-php/src/StaticAnalyser.php(397): OpenApi\\Analyser->fromComment('/**\
     * @OA\\\\...', Object(OpenApi\\Context))
#6 /app/vendor/zircote/swagger-php/src/StaticAnalyser.php(377): OpenApi\\StaticAnalyser->analyseComment(Object(OpenApi\\Analysis), Object(OpenApi\\Analyser), '/**\
     * @OA\\\\...', Object(OpenApi\\Context))
#7 /app/vendor/zircote/swagger-php/src/StaticAnalyser.php(33): OpenApi\\StaticAnalyser->fromTokens(Array, Object(OpenApi\\Context))
#8 /app/vendor/zircote/swagger-php/src/Generator.php(263): OpenApi\\StaticAnalyser->fromFile('/app/app/Ship/C...')
#9 /app/vendor/zircote/swagger-php/src/Generator.php(232): OpenApi\\Generator->scanSources(Object(Symfony\\Component\\Finder\\Finder), Object(OpenApi\\Analysis))
#10 /app/vendor/zircote/swagger-php/src/Generator.php(212): OpenApi\\Generator->generate(Object(Symfony\\Component\\Finder\\Finder), Object(OpenApi\\Analysis), true)
#11 /app/vendor/zircote/swagger-php/src/functions.php(56): OpenApi\\Generator::scan(Object(Symfony\\Component\\Finder\\Finder), Array)
#12 /app/vendor/darkaonline/l5-swagger/src/Generator.php(174): OpenApi\\scan(Array, Array)
#13 /app/vendor/darkaonline/l5-swagger/src/Generator.php(119): L5Swagger\\Generator->scanFilesForDocumentation()
#14 /app/vendor/darkaonline/l5-swagger/src/Console/GenerateDocsCommand.php(71): L5Swagger\\Generator->generateDocs()
#15 /app/vendor/darkaonline/l5-swagger/src/Console/GenerateDocsCommand.php(58): L5Swagger\\Console\\GenerateDocsCommand->generateDocumentation(Object(L5Swagger\\GeneratorFactory), 'default')
#16 /app/vendor/laravel/framework/src/Illuminate/Container/BoundMethod.php(36): L5Swagger\\Console\\GenerateDocsCommand->handle(Object(L5Swagger\\GeneratorFactory))
#17 /app/vendor/laravel/framework/src/Illuminate/Container/Util.php(37): Illuminate\\Container\\BoundMethod::Illuminate\\Container\\{closure}()
#18 /app/vendor/laravel/framework/src/Illuminate/Container/BoundMethod.php(93): Illuminate\\Container\\Util::unwrapIfClosure(Object(Closure))
#19 /app/vendor/laravel/framework/src/Illuminate/Container/BoundMethod.php(37): Illuminate\\Container\\BoundMethod::callBoundMethod(Object(Illuminate\\Foundation\\Application), Array, Object(Closure))
#20 /app/vendor/laravel/framework/src/Illuminate/Container/Container.php(596): Illuminate\\Container\\BoundMethod::call(Object(Illuminate\\Foundation\\Application), Array, Array, NULL)
#21 /app/vendor/laravel/framework/src/Illuminate/Console/Command.php(134): Illuminate\\Container\\Container->call(Array)
#22 /app/vendor/symfony/console/Command/Command.php(299): Illuminate\\Console\\Command->execute(Object(Symfony\\Component\\Console\\Input\\ArgvInput), Object(Illuminate\\Console\\OutputStyle))
#23 /app/vendor/laravel/framework/src/Illuminate/Console/Command.php(121): Symfony\\Component\\Console\\Command\\Command->run(Object(Symfony\\Component\\Console\\Input\\ArgvInput), Object(Illuminate\\Console\\OutputStyle))
#24 /app/vendor/symfony/console/Application.php(978): Illuminate\\Console\\Command->run(Object(Symfony\\Component\\Console\\Input\\ArgvInput), Object(Symfony\\Component\\Console\\Output\\ConsoleOutput))
#25 /app/vendor/symfony/console/Application.php(295): Symfony\\Component\\Console\\Application->doRunCommand(Object(L5Swagger\\Console\\GenerateDocsCommand), Object(Symfony\\Component\\Console\\Input\\ArgvInput), Object(Symfony\\Component\\Console\\Output\\ConsoleOutput))
#26 /app/vendor/symfony/console/Application.php(167): Symfony\\Component\\Console\\Application->doRun(Object(Symfony\\Component\\Console\\Input\\ArgvInput), Object(Symfony\\Component\\Console\\Output\\ConsoleOutput))
#27 /app/vendor/laravel/framework/src/Illuminate/Console/Application.php(93): Symfony\\Component\\Console\\Application->run(Object(Symfony\\Component\\Console\\Input\\ArgvInput), Object(Symfony\\Component\\Console\\Output\\ConsoleOutput))
#28 /app/vendor/laravel/framework/src/Illuminate/Foundation/Console/Kernel.php(129): Illuminate\\Console\\Application->run(Object(Symfony\\Component\\Console\\Input\\ArgvInput), Object(Symfony\\Component\\Console\\Output\\ConsoleOutput))
#29 /app/artisan(37): Illuminate\\Foundation\\Console\\Kernel->handle(Object(Symfony\\Component\\Console\\Input\\ArgvInput), Object(Symfony\\Component\\Console\\Output\\ConsoleOutput))
#30 {main}
"} 
[2021-08-13 14:17:23] local.ERROR: [Semantical Error] Couldn't find constant L5_SWAGGER_CONST_HOST, /app/app/Ship/Core/Controllers/Controller.php on line 14. {"exception":"[object] (ErrorException(code: 0): [Semantical Error] Couldn't find constant L5_SWAGGER_CONST_HOST, /app/app/Ship/Core/Controllers/Controller.php on line 14. at /app/vendor/zircote/swagger-php/src/Logger.php:40)
[stacktrace]
#0 [internal function]: Illuminate\\Foundation\\Bootstrap\\HandleExceptions->handleError(512, '[Semantical Err...', '/app/vendor/zir...', 40)
#1 /app/vendor/zircote/swagger-php/src/Logger.php(40): trigger_error('[Semantical Err...', 512)
#2 [internal function]: OpenApi\\Logger->OpenApi\\{closure}('[Semantical Err...', 512)
#3 /app/vendor/zircote/swagger-php/src/Logger.php(60): call_user_func(Object(Closure), Object(Doctrine\\Common\\Annotations\\AnnotationException), 512)
#4 /app/vendor/zircote/swagger-php/src/Analyser.php(116): OpenApi\\Logger::warning(Object(Doctrine\\Common\\Annotations\\AnnotationException))
#5 /app/vendor/zircote/swagger-php/src/StaticAnalyser.php(397): OpenApi\\Analyser->fromComment('/**\
     * @OA\\\\...', Object(OpenApi\\Context))
#6 /app/vendor/zircote/swagger-php/src/StaticAnalyser.php(377): OpenApi\\StaticAnalyser->analyseComment(Object(OpenApi\\Analysis), Object(OpenApi\\Analyser), '/**\
     * @OA\\\\...', Object(OpenApi\\Context))
#7 /app/vendor/zircote/swagger-php/src/StaticAnalyser.php(33): OpenApi\\StaticAnalyser->fromTokens(Array, Object(OpenApi\\Context))
#8 /app/vendor/zircote/swagger-php/src/Generator.php(263): OpenApi\\StaticAnalyser->fromFile('/app/app/Ship/C...')
#9 /app/vendor/zircote/swagger-php/src/Generator.php(232): OpenApi\\Generator->scanSources(Object(Symfony\\Component\\Finder\\Finder), Object(OpenApi\\Analysis))
#10 /app/vendor/zircote/swagger-php/src/Generator.php(212): OpenApi\\Generator->generate(Object(Symfony\\Component\\Finder\\Finder), Object(OpenApi\\Analysis), true)
#11 /app/vendor/zircote/swagger-php/src/functions.php(56): OpenApi\\Generator::scan(Object(Symfony\\Component\\Finder\\Finder), Array)
#12 /app/vendor/darkaonline/l5-swagger/src/Generator.php(174): OpenApi\\scan(Array, Array)
#13 /app/vendor/darkaonline/l5-swagger/src/Generator.php(119): L5Swagger\\Generator->scanFilesForDocumentation()
#14 /app/vendor/darkaonline/l5-swagger/src/Console/GenerateDocsCommand.php(71): L5Swagger\\Generator->generateDocs()
#15 /app/vendor/darkaonline/l5-swagger/src/Console/GenerateDocsCommand.php(58): L5Swagger\\Console\\GenerateDocsCommand->generateDocumentation(Object(L5Swagger\\GeneratorFactory), 'default')
#16 /app/vendor/laravel/framework/src/Illuminate/Container/BoundMethod.php(36): L5Swagger\\Console\\GenerateDocsCommand->handle(Object(L5Swagger\\GeneratorFactory))
#17 /app/vendor/laravel/framework/src/Illuminate/Container/Util.php(37): Illuminate\\Container\\BoundMethod::Illuminate\\Container\\{closure}()
#18 /app/vendor/laravel/framework/src/Illuminate/Container/BoundMethod.php(93): Illuminate\\Container\\Util::unwrapIfClosure(Object(Closure))
#19 /app/vendor/laravel/framework/src/Illuminate/Container/BoundMethod.php(37): Illuminate\\Container\\BoundMethod::callBoundMethod(Object(Illuminate\\Foundation\\Application), Array, Object(Closure))
#20 /app/vendor/laravel/framework/src/Illuminate/Container/Container.php(596): Illuminate\\Container\\BoundMethod::call(Object(Illuminate\\Foundation\\Application), Array, Array, NULL)
#21 /app/vendor/laravel/framework/src/Illuminate/Console/Command.php(134): Illuminate\\Container\\Container->call(Array)
#22 /app/vendor/symfony/console/Command/Command.php(299): Illuminate\\Console\\Command->execute(Object(Symfony\\Component\\Console\\Input\\ArgvInput), Object(Illuminate\\Console\\OutputStyle))
#23 /app/vendor/laravel/framework/src/Illuminate/Console/Command.php(121): Symfony\\Component\\Console\\Command\\Command->run(Object(Symfony\\Component\\Console\\Input\\ArgvInput), Object(Illuminate\\Console\\OutputStyle))
#24 /app/vendor/symfony/console/Application.php(978): Illuminate\\Console\\Command->run(Object(Symfony\\Component\\Console\\Input\\ArgvInput), Object(Symfony\\Component\\Console\\Output\\ConsoleOutput))
#25 /app/vendor/symfony/console/Application.php(295): Symfony\\Component\\Console\\Application->doRunCommand(Object(L5Swagger\\Console\\GenerateDocsCommand), Object(Symfony\\Component\\Console\\Input\\ArgvInput), Object(Symfony\\Component\\Console\\Output\\ConsoleOutput))
#26 /app/vendor/symfony/console/Application.php(167): Symfony\\Component\\Console\\Application->doRun(Object(Symfony\\Component\\Console\\Input\\ArgvInput), Object(Symfony\\Component\\Console\\Output\\ConsoleOutput))
#27 /app/vendor/laravel/framework/src/Illuminate/Console/Application.php(93): Symfony\\Component\\Console\\Application->run(Object(Symfony\\Component\\Console\\Input\\ArgvInput), Object(Symfony\\Component\\Console\\Output\\ConsoleOutput))
#28 /app/vendor/laravel/framework/src/Illuminate/Foundation/Console/Kernel.php(129): Illuminate\\Console\\Application->run(Object(Symfony\\Component\\Console\\Input\\ArgvInput), Object(Symfony\\Component\\Console\\Output\\ConsoleOutput))
#29 /app/artisan(37): Illuminate\\Foundation\\Console\\Kernel->handle(Object(Symfony\\Component\\Console\\Input\\ArgvInput), Object(Symfony\\Component\\Console\\Output\\ConsoleOutput))
#30 {main}
"} 
[2021-08-13 14:22:37] local.ERROR: [Semantical Error] Couldn't find constant http, /app/app/Ship/Core/Controllers/Controller.php on line 14. {"exception":"[object] (ErrorException(code: 0): [Semantical Error] Couldn't find constant http, /app/app/Ship/Core/Controllers/Controller.php on line 14. at /app/vendor/zircote/swagger-php/src/Logger.php:40)
[stacktrace]
#0 [internal function]: Illuminate\\Foundation\\Bootstrap\\HandleExceptions->handleError(512, '[Semantical Err...', '/app/vendor/zir...', 40)
#1 /app/vendor/zircote/swagger-php/src/Logger.php(40): trigger_error('[Semantical Err...', 512)
#2 [internal function]: OpenApi\\Logger->OpenApi\\{closure}('[Semantical Err...', 512)
#3 /app/vendor/zircote/swagger-php/src/Logger.php(60): call_user_func(Object(Closure), Object(Doctrine\\Common\\Annotations\\AnnotationException), 512)
#4 /app/vendor/zircote/swagger-php/src/Analyser.php(116): OpenApi\\Logger::warning(Object(Doctrine\\Common\\Annotations\\AnnotationException))
#5 /app/vendor/zircote/swagger-php/src/StaticAnalyser.php(397): OpenApi\\Analyser->fromComment('/**\
     * @OA\\\\...', Object(OpenApi\\Context))
#6 /app/vendor/zircote/swagger-php/src/StaticAnalyser.php(377): OpenApi\\StaticAnalyser->analyseComment(Object(OpenApi\\Analysis), Object(OpenApi\\Analyser), '/**\
     * @OA\\\\...', Object(OpenApi\\Context))
#7 /app/vendor/zircote/swagger-php/src/StaticAnalyser.php(33): OpenApi\\StaticAnalyser->fromTokens(Array, Object(OpenApi\\Context))
#8 /app/vendor/zircote/swagger-php/src/Generator.php(263): OpenApi\\StaticAnalyser->fromFile('/app/app/Ship/C...')
#9 /app/vendor/zircote/swagger-php/src/Generator.php(232): OpenApi\\Generator->scanSources(Object(Symfony\\Component\\Finder\\Finder), Object(OpenApi\\Analysis))
#10 /app/vendor/zircote/swagger-php/src/Generator.php(212): OpenApi\\Generator->generate(Object(Symfony\\Component\\Finder\\Finder), Object(OpenApi\\Analysis), true)
#11 /app/vendor/zircote/swagger-php/src/functions.php(56): OpenApi\\Generator::scan(Object(Symfony\\Component\\Finder\\Finder), Array)
#12 /app/vendor/darkaonline/l5-swagger/src/Generator.php(174): OpenApi\\scan(Array, Array)
#13 /app/vendor/darkaonline/l5-swagger/src/Generator.php(119): L5Swagger\\Generator->scanFilesForDocumentation()
#14 /app/vendor/darkaonline/l5-swagger/src/Console/GenerateDocsCommand.php(71): L5Swagger\\Generator->generateDocs()
#15 /app/vendor/darkaonline/l5-swagger/src/Console/GenerateDocsCommand.php(58): L5Swagger\\Console\\GenerateDocsCommand->generateDocumentation(Object(L5Swagger\\GeneratorFactory), 'default')
#16 /app/vendor/laravel/framework/src/Illuminate/Container/BoundMethod.php(36): L5Swagger\\Console\\GenerateDocsCommand->handle(Object(L5Swagger\\GeneratorFactory))
#17 /app/vendor/laravel/framework/src/Illuminate/Container/Util.php(37): Illuminate\\Container\\BoundMethod::Illuminate\\Container\\{closure}()
#18 /app/vendor/laravel/framework/src/Illuminate/Container/BoundMethod.php(93): Illuminate\\Container\\Util::unwrapIfClosure(Object(Closure))
#19 /app/vendor/laravel/framework/src/Illuminate/Container/BoundMethod.php(37): Illuminate\\Container\\BoundMethod::callBoundMethod(Object(Illuminate\\Foundation\\Application), Array, Object(Closure))
#20 /app/vendor/laravel/framework/src/Illuminate/Container/Container.php(596): Illuminate\\Container\\BoundMethod::call(Object(Illuminate\\Foundation\\Application), Array, Array, NULL)
#21 /app/vendor/laravel/framework/src/Illuminate/Console/Command.php(134): Illuminate\\Container\\Container->call(Array)
#22 /app/vendor/symfony/console/Command/Command.php(299): Illuminate\\Console\\Command->execute(Object(Symfony\\Component\\Console\\Input\\ArgvInput), Object(Illuminate\\Console\\OutputStyle))
#23 /app/vendor/laravel/framework/src/Illuminate/Console/Command.php(121): Symfony\\Component\\Console\\Command\\Command->run(Object(Symfony\\Component\\Console\\Input\\ArgvInput), Object(Illuminate\\Console\\OutputStyle))
#24 /app/vendor/symfony/console/Application.php(978): Illuminate\\Console\\Command->run(Object(Symfony\\Component\\Console\\Input\\ArgvInput), Object(Symfony\\Component\\Console\\Output\\ConsoleOutput))
#25 /app/vendor/symfony/console/Application.php(295): Symfony\\Component\\Console\\Application->doRunCommand(Object(L5Swagger\\Console\\GenerateDocsCommand), Object(Symfony\\Component\\Console\\Input\\ArgvInput), Object(Symfony\\Component\\Console\\Output\\ConsoleOutput))
#26 /app/vendor/symfony/console/Application.php(167): Symfony\\Component\\Console\\Application->doRun(Object(Symfony\\Component\\Console\\Input\\ArgvInput), Object(Symfony\\Component\\Console\\Output\\ConsoleOutput))
#27 /app/vendor/laravel/framework/src/Illuminate/Console/Application.php(93): Symfony\\Component\\Console\\Application->run(Object(Symfony\\Component\\Console\\Input\\ArgvInput), Object(Symfony\\Component\\Console\\Output\\ConsoleOutput))
#28 /app/vendor/laravel/framework/src/Illuminate/Foundation/Console/Kernel.php(129): Illuminate\\Console\\Application->run(Object(Symfony\\Component\\Console\\Input\\ArgvInput), Object(Symfony\\Component\\Console\\Output\\ConsoleOutput))
#29 /app/artisan(37): Illuminate\\Foundation\\Console\\Kernel->handle(Object(Symfony\\Component\\Console\\Input\\ArgvInput), Object(Symfony\\Component\\Console\\Output\\ConsoleOutput))
#30 {main}
"} 
[2021-08-13 14:26:10] local.ERROR: Route [login] not defined. {"exception":"[object] (Symfony\\Component\\Routing\\Exception\\RouteNotFoundException(code: 0): Route [login] not defined. at /app/vendor/laravel/framework/src/Illuminate/Routing/UrlGenerator.php:420)
[stacktrace]
#0 /app/vendor/laravel/framework/src/Illuminate/Foundation/helpers.php(768): Illuminate\\Routing\\UrlGenerator->route('login', Array, true)
#1 /app/app/Ship/Core/Middlewares/Http/Authenticate.php(18): route('login')
#2 /app/vendor/laravel/framework/src/Illuminate/Auth/Middleware/Authenticate.php(83): App\\Ship\\Core\\Middlewares\\Http\\Authenticate->redirectTo(Object(Illuminate\\Http\\Request))
#3 /app/vendor/laravel/framework/src/Illuminate/Auth/Middleware/Authenticate.php(68): Illuminate\\Auth\\Middleware\\Authenticate->unauthenticated(Object(Illuminate\\Http\\Request), Array)
#4 /app/vendor/laravel/framework/src/Illuminate/Auth/Middleware/Authenticate.php(42): Illuminate\\Auth\\Middleware\\Authenticate->authenticate(Object(Illuminate\\Http\\Request), Array)
#5 /app/vendor/laravel/framework/src/Illuminate/Pipeline/Pipeline.php(167): Illuminate\\Auth\\Middleware\\Authenticate->handle(Object(Illuminate\\Http\\Request), Object(Closure), 'api')
#6 /app/vendor/laravel/framework/src/Illuminate/Pipeline/Pipeline.php(103): Illuminate\\Pipeline\\Pipeline->Illuminate\\Pipeline\\{closure}(Object(Illuminate\\Http\\Request))
#7 /app/vendor/laravel/framework/src/Illuminate/Routing/Router.php(687): Illuminate\\Pipeline\\Pipeline->then(Object(Closure))
#8 /app/vendor/laravel/framework/src/Illuminate/Routing/Router.php(662): Illuminate\\Routing\\Router->runRouteWithinStack(Object(Illuminate\\Routing\\Route), Object(Illuminate\\Http\\Request))
#9 /app/vendor/laravel/framework/src/Illuminate/Routing/Router.php(628): Illuminate\\Routing\\Router->runRoute(Object(Illuminate\\Http\\Request), Object(Illuminate\\Routing\\Route))
#10 /app/vendor/laravel/framework/src/Illuminate/Routing/Router.php(617): Illuminate\\Routing\\Router->dispatchToRoute(Object(Illuminate\\Http\\Request))
#11 /app/vendor/laravel/framework/src/Illuminate/Foundation/Http/Kernel.php(165): Illuminate\\Routing\\Router->dispatch(Object(Illuminate\\Http\\Request))
#12 /app/vendor/laravel/framework/src/Illuminate/Pipeline/Pipeline.php(128): Illuminate\\Foundation\\Http\\Kernel->Illuminate\\Foundation\\Http\\{closure}(Object(Illuminate\\Http\\Request))
#13 /app/vendor/fruitcake/laravel-cors/src/HandleCors.php(52): Illuminate\\Pipeline\\Pipeline->Illuminate\\Pipeline\\{closure}(Object(Illuminate\\Http\\Request))
#14 /app/vendor/laravel/framework/src/Illuminate/Pipeline/Pipeline.php(167): Fruitcake\\Cors\\HandleCors->handle(Object(Illuminate\\Http\\Request), Object(Closure))
#15 /app/vendor/laravel/framework/src/Illuminate/Foundation/Http/Middleware/TransformsRequest.php(21): Illuminate\\Pipeline\\Pipeline->Illuminate\\Pipeline\\{closure}(Object(Illuminate\\Http\\Request))
#16 /app/vendor/laravel/framework/src/Illuminate/Pipeline/Pipeline.php(167): Illuminate\\Foundation\\Http\\Middleware\\TransformsRequest->handle(Object(Illuminate\\Http\\Request), Object(Closure))
#17 /app/vendor/fideloper/proxy/src/TrustProxies.php(57): Illuminate\\Pipeline\\Pipeline->Illuminate\\Pipeline\\{closure}(Object(Illuminate\\Http\\Request))
#18 /app/vendor/laravel/framework/src/Illuminate/Pipeline/Pipeline.php(167): Fideloper\\Proxy\\TrustProxies->handle(Object(Illuminate\\Http\\Request), Object(Closure))
#19 /app/vendor/laravel/framework/src/Illuminate/Foundation/Http/Middleware/ValidatePostSize.php(27): Illuminate\\Pipeline\\Pipeline->Illuminate\\Pipeline\\{closure}(Object(Illuminate\\Http\\Request))
#20 /app/vendor/laravel/framework/src/Illuminate/Pipeline/Pipeline.php(167): Illuminate\\Foundation\\Http\\Middleware\\ValidatePostSize->handle(Object(Illuminate\\Http\\Request), Object(Closure))
#21 /app/vendor/laravel/framework/src/Illuminate/Foundation/Http/Middleware/CheckForMaintenanceMode.php(63): Illuminate\\Pipeline\\Pipeline->Illuminate\\Pipeline\\{closure}(Object(Illuminate\\Http\\Request))
#22 /app/vendor/laravel/framework/src/Illuminate/Pipeline/Pipeline.php(167): Illuminate\\Foundation\\Http\\Middleware\\CheckForMaintenanceMode->handle(Object(Illuminate\\Http\\Request), Object(Closure))
#23 /app/vendor/laravel/framework/src/Illuminate/Foundation/Http/Middleware/TransformsRequest.php(21): Illuminate\\Pipeline\\Pipeline->Illuminate\\Pipeline\\{closure}(Object(Illuminate\\Http\\Request))
#24 /app/vendor/laravel/framework/src/Illuminate/Pipeline/Pipeline.php(167): Illuminate\\Foundation\\Http\\Middleware\\TransformsRequest->handle(Object(Illuminate\\Http\\Request), Object(Closure))
#25 /app/vendor/laravel/framework/src/Illuminate/Pipeline/Pipeline.php(103): Illuminate\\Pipeline\\Pipeline->Illuminate\\Pipeline\\{closure}(Object(Illuminate\\Http\\Request))
#26 /app/vendor/laravel/framework/src/Illuminate/Foundation/Http/Kernel.php(140): Illuminate\\Pipeline\\Pipeline->then(Object(Closure))
#27 /app/vendor/laravel/framework/src/Illuminate/Foundation/Http/Kernel.php(109): Illuminate\\Foundation\\Http\\Kernel->sendRequestThroughRouter(Object(Illuminate\\Http\\Request))
#28 /app/public/index.php(55): Illuminate\\Foundation\\Http\\Kernel->handle(Object(Illuminate\\Http\\Request))
#29 /app/server.php(21): require_once('/app/public/ind...')
#30 {main}
"} 
